<?xml version="1.0" encoding="UTF-8"?>
<!-- Generated by org.testng.reporters.JUnitReportReporter -->
<testsuite skipped="0" hostname="WKMZTABF0619.global.publicisgroupe.net" name="section18.TestNGT2" tests="2" failures="0" timestamp="2022-04-04T15:25:16 CST" time="0.001" errors="0">
  <testcase name="demo4" time="0.000" classname="section18.TestNGT2"/>
  <system-out/>
  <testcase name="demo3" time="0.001" classname="section18.TestNGT2"/>
  <system-out/>
</testsuite> <!-- section18.TestNGT2 -->
