<?xml version="1.0" encoding="UTF-8"?>
<!-- Generated by org.testng.reporters.JUnitReportReporter -->
<testsuite skipped="0" hostname="WKMZTABF0619.global.publicisgroupe.net" name="section18.TestNGT3" tests="2" failures="0" timestamp="2022-04-04T15:25:16 CST" time="0.000" errors="0">
  <testcase name="webLoginCarLoan" time="0.000" classname="section18.TestNGT3"/>
  <system-out/>
  <testcase name="APILoginCarLoan" time="0.000" classname="section18.TestNGT3"/>
  <system-out/>
</testsuite> <!-- section18.TestNGT3 -->
