<?xml version="1.0" encoding="UTF-8"?>
<!-- Generated by org.testng.reporters.JUnitReportReporter -->
<testsuite skipped="0" hostname="WKMZTABF0619.global.publicisgroupe.net" name="section18.TestNGT" tests="1" failures="0" timestamp="2022-04-04T15:25:16 CST" time="0.010" errors="0">
  <testcase name="demo" time="0.010" classname="section18.TestNGT"/>
  <system-out/>
</testsuite> <!-- section18.TestNGT -->
